-------------------------------------------------------------------------------
>Log Session: Thursday, March 26, 2020 at 12:47:46 AM Central European Standard Time
>System Info: 
  Product Version         = Apache NetBeans Platform Dev (Build 11.2-d04fb24027334c4b6fd8397b5d0cdd33187a8f54)
  Operating System        = Windows 10 version 10.0 running on amd64
  Java; VM; Vendor        = 13.0.2; Java HotSpot(TM) 64-Bit Server VM 13.0.2+8; Oracle Corporation
  Runtime                 = Java(TM) SE Runtime Environment 13.0.2+8
  Java Home               = C:\Program Files\Java\jdk-13.0.2
  System Locale; Encoding = da_DK (asteroidsnetbeansmodules); Cp1252
  Home Directory          = C:\Users\Sofie
  Current Directory       = C:\Users\Sofie\OneDrive - Syddansk Universitet\Semester 4\Komponentbaseret Softwareudvikling\SB4-KOM-F20\AsteroidGame_ComponentBased\Lektion05\application\target\asteroidsnetbeansmodules
  User Directory          = C:\Users\Sofie\OneDrive - Syddansk Universitet\Semester 4\Komponentbaseret Softwareudvikling\SB4-KOM-F20\AsteroidGame_ComponentBased\Lektion05\application\target\userdir
  Cache Directory         = C:\Users\Sofie\OneDrive - Syddansk Universitet\Semester 4\Komponentbaseret Softwareudvikling\SB4-KOM-F20\AsteroidGame_ComponentBased\Lektion05\application\target\userdir\var\cache
  Installation            = C:\Users\Sofie\OneDrive - Syddansk Universitet\Semester 4\Komponentbaseret Softwareudvikling\SB4-KOM-F20\AsteroidGame_ComponentBased\Lektion05\application\target\asteroidsnetbeansmodules\asteroidsnetbeansmodules
                            C:\Users\Sofie\OneDrive - Syddansk Universitet\Semester 4\Komponentbaseret Softwareudvikling\SB4-KOM-F20\AsteroidGame_ComponentBased\Lektion05\application\target\asteroidsnetbeansmodules\bin
                            C:\Users\Sofie\OneDrive - Syddansk Universitet\Semester 4\Komponentbaseret Softwareudvikling\SB4-KOM-F20\AsteroidGame_ComponentBased\Lektion05\application\target\asteroidsnetbeansmodules\etc
                            C:\Users\Sofie\OneDrive - Syddansk Universitet\Semester 4\Komponentbaseret Softwareudvikling\SB4-KOM-F20\AsteroidGame_ComponentBased\Lektion05\application\target\asteroidsnetbeansmodules\platform
                            C:\Users\Sofie\OneDrive - Syddansk Universitet\Semester 4\Komponentbaseret Softwareudvikling\SB4-KOM-F20\AsteroidGame_ComponentBased\Lektion05\application\target\asteroidsnetbeansmodules\platform
  Boot & Ext. Classpath   = 
  Application Classpath   = C:\Users\Sofie\OneDrive - Syddansk Universitet\Semester 4\Komponentbaseret Softwareudvikling\SB4-KOM-F20\AsteroidGame_ComponentBased\Lektion05\application\target\asteroidsnetbeansmodules\platform\lib\boot.jar;C:\Users\Sofie\OneDrive - Syddansk Universitet\Semester 4\Komponentbaseret Softwareudvikling\SB4-KOM-F20\AsteroidGame_ComponentBased\Lektion05\application\target\asteroidsnetbeansmodules\platform\lib\org-openide-modules.jar;C:\Users\Sofie\OneDrive - Syddansk Universitet\Semester 4\Komponentbaseret Softwareudvikling\SB4-KOM-F20\AsteroidGame_ComponentBased\Lektion05\application\target\asteroidsnetbeansmodules\platform\lib\org-openide-util-lookup.jar;C:\Users\Sofie\OneDrive - Syddansk Universitet\Semester 4\Komponentbaseret Softwareudvikling\SB4-KOM-F20\AsteroidGame_ComponentBased\Lektion05\application\target\asteroidsnetbeansmodules\platform\lib\org-openide-util-ui.jar;C:\Users\Sofie\OneDrive - Syddansk Universitet\Semester 4\Komponentbaseret Softwareudvikling\SB4-KOM-F20\AsteroidGame_ComponentBased\Lektion05\application\target\asteroidsnetbeansmodules\platform\lib\org-openide-util.jar
  Startup Classpath       = C:\Users\Sofie\OneDrive - Syddansk Universitet\Semester 4\Komponentbaseret Softwareudvikling\SB4-KOM-F20\AsteroidGame_ComponentBased\Lektion05\application\target\asteroidsnetbeansmodules\platform\core\asm-all-5.0.1.jar;C:\Users\Sofie\OneDrive - Syddansk Universitet\Semester 4\Komponentbaseret Softwareudvikling\SB4-KOM-F20\AsteroidGame_ComponentBased\Lektion05\application\target\asteroidsnetbeansmodules\platform\core\core-base.jar;C:\Users\Sofie\OneDrive - Syddansk Universitet\Semester 4\Komponentbaseret Softwareudvikling\SB4-KOM-F20\AsteroidGame_ComponentBased\Lektion05\application\target\asteroidsnetbeansmodules\platform\core\core.jar;C:\Users\Sofie\OneDrive - Syddansk Universitet\Semester 4\Komponentbaseret Softwareudvikling\SB4-KOM-F20\AsteroidGame_ComponentBased\Lektion05\application\target\asteroidsnetbeansmodules\platform\core\org-netbeans-libs-asm.jar;C:\Users\Sofie\OneDrive - Syddansk Universitet\Semester 4\Komponentbaseret Softwareudvikling\SB4-KOM-F20\AsteroidGame_ComponentBased\Lektion05\application\target\asteroidsnetbeansmodules\platform\core\org-openide-filesystems.jar
-------------------------------------------------------------------------------
INFO [org.netbeans.core.startup.NbEvents]: Turning on modules:
	org.openide.util.lookup [8.39 11.2-d04fb24027334c4b6fd8397b5d0cdd33187a8f54]
	org.openide.util [9.13 11.2-d04fb24027334c4b6fd8397b5d0cdd33187a8f54]
	org.openide.util.ui [9.14 11.2-d04fb24027334c4b6fd8397b5d0cdd33187a8f54]
	org.openide.modules [7.54 11.2-d04fb24027334c4b6fd8397b5d0cdd33187a8f54]
	org.netbeans.api.annotations.common/1 [1.33 11.2-d04fb24027334c4b6fd8397b5d0cdd33187a8f54]
	org.openide.filesystems [9.16 11.2-d04fb24027334c4b6fd8397b5d0cdd33187a8f54]
	org.netbeans.api.intent [1.8 11.2-d04fb24027334c4b6fd8397b5d0cdd33187a8f54]
	org.netbeans.api.io [1.9 11.2-d04fb24027334c4b6fd8397b5d0cdd33187a8f54]
	org.openide.io [1.55 11.2-d04fb24027334c4b6fd8397b5d0cdd33187a8f54]
	org.openide.awt [7.74 11.2-d04fb24027334c4b6fd8397b5d0cdd33187a8f54]
	org.netbeans.libs.asm [5.9 11.2-d04fb24027334c4b6fd8397b5d0cdd33187a8f54]
	org.netbeans.bootstrap/1 [2.84 11.2-d04fb24027334c4b6fd8397b5d0cdd33187a8f54]
	org.netbeans.core.startup.base [1.68.0.1 1 11.2-d04fb24027334c4b6fd8397b5d0cdd33187a8f54]
	org.netbeans.core.startup/1 [1.68.0.1 11.2-d04fb24027334c4b6fd8397b5d0cdd33187a8f54]
	org.netbeans.libs.osgi [1.28 11.2-d04fb24027334c4b6fd8397b5d0cdd33187a8f54]
	org.netbeans.core.netigso [1.37 11.2-d04fb24027334c4b6fd8397b5d0cdd33187a8f54]
	org.netbeans.modules.netbinox [1.47 11.2-d04fb24027334c4b6fd8397b5d0cdd33187a8f54]
	org.netbeans.api.progress/1 [1.53 11.2-d04fb24027334c4b6fd8397b5d0cdd33187a8f54]
	org.netbeans.api.progress.nb [1.53 11.2-d04fb24027334c4b6fd8397b5d0cdd33187a8f54]
	org.netbeans.modules.autoupdate.services [1.59 11.2-d04fb24027334c4b6fd8397b5d0cdd33187a8f54]
	dk.sdu.mmmi.cbse.SilentUpdate [1.0 1.0-20200325 202003252346]
	dk.sdu.mmmi.cbse.Common.NetBeans2 [1.0 1.0-20200325 202003252346]
	dk.sdu.mmmi.cbse.Player [1.0 1.0-20200325 202003252346]
	dk.sdu.mmmi.cbse.CommonEnemy [1.0 1.0-20200325 202003252346]
	dk.sdu.mmmi.cbse.Enemy [1.0 1.0-20200325 202003252334]
	dk.sdu.mmmi.cbse.Core [1.0 1.0-20200325 202003252346]
	dk.sdu.mmmi.cbse.CommonAsteroids [1.0 1.0-20200325 202003252346]
	dk.sdu.mmmi.cbse.Collision [1.0 1.0-20200325 202003252346]
	dk.sdu.mmmi.cbse.Bullet [1.0 1.0-20200325 202003252346]
	dk.sdu.mmmi.cbse.Asteroid [1.0 1.0-20200325 202003252346]
INFO [org.netbeans.modules.autoupdate.silentupdate]: None for update/install/uninstall
INFO [null]: Last record repeated again.
INFO [org.netbeans.modules.autoupdate.silentupdate]: Uninstall found: Enemy[dk.sdu.mmmi.cbse.Enemy/1.0]
INFO [org.netbeans.core.startup.NbEvents]: Turning off modules:
	dk.sdu.mmmi.cbse.Enemy [1.0 1.0-20200325 202003252334]
INFO [org.netbeans.modules.autoupdate.silentupdate]: Unstall modules done.
Turning off modules...
Turning off modules...done.
INFO [org.netbeans.modules.autoupdate.silentupdate]: None for update/install/uninstall
INFO [null]: Last record repeated again.
INFO [org.netbeans.modules.autoupdate.silentupdate]: Update found: Enemy[dk.sdu.mmmi.cbse.Enemy/1.0]
INFO [org.netbeans.updater]: 780: Unpacking dk-sdu-mmmi-cbse-Enemy.nbm
INFO [org.netbeans.updater]: File installed C:\Users\Sofie\OneDrive - Syddansk Universitet\Semester 4\Komponentbaseret Softwareudvikling\SB4-KOM-F20\AsteroidGame_ComponentBased\Lektion05\application\target\asteroidsnetbeansmodules\asteroidsnetbeansmodules\config\Modules\dk-sdu-mmmi-cbse-Enemy.xml@0
INFO [org.netbeans.updater]: Copied file C:\Users\Sofie\OneDrive - Syddansk Universitet\Semester 4\Komponentbaseret Softwareudvikling\SB4-KOM-F20\AsteroidGame_ComponentBased\Lektion05\application\target\asteroidsnetbeansmodules\asteroidsnetbeansmodules\update\download\dk-sdu-mmmi-cbse-Enemy.nbm:netbeans/config/Modules/dk-sdu-mmmi-cbse-Enemy.xml to C:\Users\Sofie\OneDrive - Syddansk Universitet\Semester 4\Komponentbaseret Softwareudvikling\SB4-KOM-F20\AsteroidGame_ComponentBased\Lektion05\application\target\asteroidsnetbeansmodules\asteroidsnetbeansmodules\config\Modules\dk-sdu-mmmi-cbse-Enemy.xml
INFO [org.netbeans.updater]: File installed C:\Users\Sofie\OneDrive - Syddansk Universitet\Semester 4\Komponentbaseret Softwareudvikling\SB4-KOM-F20\AsteroidGame_ComponentBased\Lektion05\application\target\asteroidsnetbeansmodules\asteroidsnetbeansmodules\modules\dk-sdu-mmmi-cbse-Enemy.jar@0
INFO [org.netbeans.updater]: Copied file C:\Users\Sofie\OneDrive - Syddansk Universitet\Semester 4\Komponentbaseret Softwareudvikling\SB4-KOM-F20\AsteroidGame_ComponentBased\Lektion05\application\target\asteroidsnetbeansmodules\asteroidsnetbeansmodules\update\download\dk-sdu-mmmi-cbse-Enemy.nbm:netbeans/modules/dk-sdu-mmmi-cbse-Enemy.jar to C:\Users\Sofie\OneDrive - Syddansk Universitet\Semester 4\Komponentbaseret Softwareudvikling\SB4-KOM-F20\AsteroidGame_ComponentBased\Lektion05\application\target\asteroidsnetbeansmodules\asteroidsnetbeansmodules\modules\dk-sdu-mmmi-cbse-Enemy.jar
INFO [org.netbeans.updater]: File C:\Users\Sofie\OneDrive - Syddansk Universitet\Semester 4\Komponentbaseret Softwareudvikling\SB4-KOM-F20\AsteroidGame_ComponentBased\Lektion05\application\target\asteroidsnetbeansmodules\asteroidsnetbeansmodules\update\download\dk-sdu-mmmi-cbse-Enemy.nbm deleted.
INFO [org.netbeans.updater]: Use XML Transformer: com.sun.org.apache.xalan.internal.xsltc.trax.TransformerImpl@528f8c5b
INFO [org.netbeans.updater]: File C:\Users\Sofie\OneDrive - Syddansk Universitet\Semester 4\Komponentbaseret Softwareudvikling\SB4-KOM-F20\AsteroidGame_ComponentBased\Lektion05\application\target\asteroidsnetbeansmodules\asteroidsnetbeansmodules\update_tracking\dk-sdu-mmmi-cbse-Enemy.xml modified.
INFO [org.netbeans.updater]: File installed C:\Users\Sofie\OneDrive - Syddansk Universitet\Semester 4\Komponentbaseret Softwareudvikling\SB4-KOM-F20\AsteroidGame_ComponentBased\Lektion05\application\target\asteroidsnetbeansmodules\asteroidsnetbeansmodules\update_tracking\dk-sdu-mmmi-cbse-Enemy.xml@0
INFO [org.netbeans.updater]: File C:\Users\Sofie\OneDrive - Syddansk Universitet\Semester 4\Komponentbaseret Softwareudvikling\SB4-KOM-F20\AsteroidGame_ComponentBased\Lektion05\application\target\asteroidsnetbeansmodules\asteroidsnetbeansmodules\update\download\additional_information.xml deleted.
INFO [org.netbeans.core.startup.NbEvents]: Turning on modules:
	dk.sdu.mmmi.cbse.Enemy [1.0 1.0-20200325 202003252334]
INFO [org.netbeans.modules.autoupdate.silentupdate]: Install new modules done.
Turning on modules...
Loading module services...
Loading modules...
Turning on modules...done.
INFO [org.netbeans.modules.autoupdate.silentupdate]: None for update/install/uninstall
INFO [null]: Last record repeated again.
INFO [null]: Last record repeated 2 more times.
INFO [org.netbeans.modules.autoupdate.silentupdate]: Uninstall found: Player[dk.sdu.mmmi.cbse.Player/1.0]
INFO [org.netbeans.core.startup.NbEvents]: Turning off modules:
	dk.sdu.mmmi.cbse.Player [1.0 1.0-20200325 202003252346]
INFO [org.netbeans.modules.autoupdate.silentupdate]: Unstall modules done.
Turning off modules...
Turning off modules...done.
INFO [org.netbeans.modules.autoupdate.silentupdate]: None for update/install/uninstall
INFO [org.netbeans.modules.autoupdate.silentupdate]: Update found: Player[dk.sdu.mmmi.cbse.Player/1.0]
INFO [org.netbeans.updater]: 780: Unpacking dk-sdu-mmmi-cbse-Player.nbm
INFO [org.netbeans.updater]: File installed C:\Users\Sofie\OneDrive - Syddansk Universitet\Semester 4\Komponentbaseret Softwareudvikling\SB4-KOM-F20\AsteroidGame_ComponentBased\Lektion05\application\target\asteroidsnetbeansmodules\asteroidsnetbeansmodules\config\Modules\dk-sdu-mmmi-cbse-Player.xml@0
INFO [org.netbeans.updater]: Copied file C:\Users\Sofie\OneDrive - Syddansk Universitet\Semester 4\Komponentbaseret Softwareudvikling\SB4-KOM-F20\AsteroidGame_ComponentBased\Lektion05\application\target\asteroidsnetbeansmodules\asteroidsnetbeansmodules\update\download\dk-sdu-mmmi-cbse-Player.nbm:netbeans/config/Modules/dk-sdu-mmmi-cbse-Player.xml to C:\Users\Sofie\OneDrive - Syddansk Universitet\Semester 4\Komponentbaseret Softwareudvikling\SB4-KOM-F20\AsteroidGame_ComponentBased\Lektion05\application\target\asteroidsnetbeansmodules\asteroidsnetbeansmodules\config\Modules\dk-sdu-mmmi-cbse-Player.xml
INFO [org.netbeans.updater]: File installed C:\Users\Sofie\OneDrive - Syddansk Universitet\Semester 4\Komponentbaseret Softwareudvikling\SB4-KOM-F20\AsteroidGame_ComponentBased\Lektion05\application\target\asteroidsnetbeansmodules\asteroidsnetbeansmodules\modules\dk-sdu-mmmi-cbse-Player.jar@0
INFO [org.netbeans.updater]: Copied file C:\Users\Sofie\OneDrive - Syddansk Universitet\Semester 4\Komponentbaseret Softwareudvikling\SB4-KOM-F20\AsteroidGame_ComponentBased\Lektion05\application\target\asteroidsnetbeansmodules\asteroidsnetbeansmodules\update\download\dk-sdu-mmmi-cbse-Player.nbm:netbeans/modules/dk-sdu-mmmi-cbse-Player.jar to C:\Users\Sofie\OneDrive - Syddansk Universitet\Semester 4\Komponentbaseret Softwareudvikling\SB4-KOM-F20\AsteroidGame_ComponentBased\Lektion05\application\target\asteroidsnetbeansmodules\asteroidsnetbeansmodules\modules\dk-sdu-mmmi-cbse-Player.jar
WARNING [org.netbeans.updater]: Error: Cannot delete C:\Users\Sofie\OneDrive - Syddansk Universitet\Semester 4\Komponentbaseret Softwareudvikling\SB4-KOM-F20\AsteroidGame_ComponentBased\Lektion05\application\target\asteroidsnetbeansmodules\asteroidsnetbeansmodules\update\download\dk-sdu-mmmi-cbse-Player.nbm
INFO [org.netbeans.updater]: Use XML Transformer: com.sun.org.apache.xalan.internal.xsltc.trax.TransformerImpl@41757a82
INFO [org.netbeans.updater]: File C:\Users\Sofie\OneDrive - Syddansk Universitet\Semester 4\Komponentbaseret Softwareudvikling\SB4-KOM-F20\AsteroidGame_ComponentBased\Lektion05\application\target\asteroidsnetbeansmodules\asteroidsnetbeansmodules\update_tracking\dk-sdu-mmmi-cbse-Player.xml modified.
INFO [org.netbeans.updater]: File installed C:\Users\Sofie\OneDrive - Syddansk Universitet\Semester 4\Komponentbaseret Softwareudvikling\SB4-KOM-F20\AsteroidGame_ComponentBased\Lektion05\application\target\asteroidsnetbeansmodules\asteroidsnetbeansmodules\update_tracking\dk-sdu-mmmi-cbse-Player.xml@0
INFO [org.netbeans.updater]: File C:\Users\Sofie\OneDrive - Syddansk Universitet\Semester 4\Komponentbaseret Softwareudvikling\SB4-KOM-F20\AsteroidGame_ComponentBased\Lektion05\application\target\asteroidsnetbeansmodules\asteroidsnetbeansmodules\update\download\additional_information.xml deleted.
INFO [org.netbeans.core.startup.NbEvents]: Turning on modules:
	dk.sdu.mmmi.cbse.Player [1.0 1.0-20200325 202003252334]
INFO [org.netbeans.modules.autoupdate.silentupdate]: Install new modules done.
Turning on modules...
Loading module services...
Loading modules...
Turning on modules...done.
INFO [org.netbeans.modules.autoupdate.silentupdate]: None for update/install/uninstall
INFO [null]: Last record repeated again.
INFO [null]: Last record repeated again.
INFO [null]: Last record repeated 2 more times.
INFO [null]: Last record repeated again.
INFO [null]: Last record repeated again.
INFO [null]: Last record repeated again.
INFO [org.netbeans.modules.autoupdate.silentupdate]: Uninstall found: Asteroid[dk.sdu.mmmi.cbse.Asteroid/1.0]
INFO [org.netbeans.core.startup.NbEvents]: Turning off modules:
	dk.sdu.mmmi.cbse.Asteroid [1.0 1.0-20200325 202003252346]
INFO [org.netbeans.modules.autoupdate.silentupdate]: Unstall modules done.
Turning off modules...
Turning off modules...done.
INFO [org.netbeans.modules.autoupdate.silentupdate]: None for update/install/uninstall
INFO [org.netbeans.modules.autoupdate.silentupdate]: Update found: Asteroid[dk.sdu.mmmi.cbse.Asteroid/1.0]
INFO [org.netbeans.updater]: 780: Unpacking dk-sdu-mmmi-cbse-Asteroid.nbm
INFO [org.netbeans.updater]: File installed C:\Users\Sofie\OneDrive - Syddansk Universitet\Semester 4\Komponentbaseret Softwareudvikling\SB4-KOM-F20\AsteroidGame_ComponentBased\Lektion05\application\target\asteroidsnetbeansmodules\asteroidsnetbeansmodules\config\Modules\dk-sdu-mmmi-cbse-Asteroid.xml@0
INFO [org.netbeans.updater]: Copied file C:\Users\Sofie\OneDrive - Syddansk Universitet\Semester 4\Komponentbaseret Softwareudvikling\SB4-KOM-F20\AsteroidGame_ComponentBased\Lektion05\application\target\asteroidsnetbeansmodules\asteroidsnetbeansmodules\update\download\dk-sdu-mmmi-cbse-Asteroid.nbm:netbeans/config/Modules/dk-sdu-mmmi-cbse-Asteroid.xml to C:\Users\Sofie\OneDrive - Syddansk Universitet\Semester 4\Komponentbaseret Softwareudvikling\SB4-KOM-F20\AsteroidGame_ComponentBased\Lektion05\application\target\asteroidsnetbeansmodules\asteroidsnetbeansmodules\config\Modules\dk-sdu-mmmi-cbse-Asteroid.xml
INFO [org.netbeans.updater]: File installed C:\Users\Sofie\OneDrive - Syddansk Universitet\Semester 4\Komponentbaseret Softwareudvikling\SB4-KOM-F20\AsteroidGame_ComponentBased\Lektion05\application\target\asteroidsnetbeansmodules\asteroidsnetbeansmodules\modules\dk-sdu-mmmi-cbse-Asteroid.jar@0
INFO [org.netbeans.updater]: Copied file C:\Users\Sofie\OneDrive - Syddansk Universitet\Semester 4\Komponentbaseret Softwareudvikling\SB4-KOM-F20\AsteroidGame_ComponentBased\Lektion05\application\target\asteroidsnetbeansmodules\asteroidsnetbeansmodules\update\download\dk-sdu-mmmi-cbse-Asteroid.nbm:netbeans/modules/dk-sdu-mmmi-cbse-Asteroid.jar to C:\Users\Sofie\OneDrive - Syddansk Universitet\Semester 4\Komponentbaseret Softwareudvikling\SB4-KOM-F20\AsteroidGame_ComponentBased\Lektion05\application\target\asteroidsnetbeansmodules\asteroidsnetbeansmodules\modules\dk-sdu-mmmi-cbse-Asteroid.jar
WARNING [org.netbeans.updater]: Error: Cannot delete C:\Users\Sofie\OneDrive - Syddansk Universitet\Semester 4\Komponentbaseret Softwareudvikling\SB4-KOM-F20\AsteroidGame_ComponentBased\Lektion05\application\target\asteroidsnetbeansmodules\asteroidsnetbeansmodules\update\download\dk-sdu-mmmi-cbse-Asteroid.nbm
INFO [org.netbeans.updater]: Use XML Transformer: com.sun.org.apache.xalan.internal.xsltc.trax.TransformerImpl@2260e1b2
INFO [org.netbeans.updater]: File C:\Users\Sofie\OneDrive - Syddansk Universitet\Semester 4\Komponentbaseret Softwareudvikling\SB4-KOM-F20\AsteroidGame_ComponentBased\Lektion05\application\target\asteroidsnetbeansmodules\asteroidsnetbeansmodules\update_tracking\dk-sdu-mmmi-cbse-Asteroid.xml modified.
INFO [org.netbeans.updater]: File installed C:\Users\Sofie\OneDrive - Syddansk Universitet\Semester 4\Komponentbaseret Softwareudvikling\SB4-KOM-F20\AsteroidGame_ComponentBased\Lektion05\application\target\asteroidsnetbeansmodules\asteroidsnetbeansmodules\update_tracking\dk-sdu-mmmi-cbse-Asteroid.xml@0
INFO [org.netbeans.updater]: File C:\Users\Sofie\OneDrive - Syddansk Universitet\Semester 4\Komponentbaseret Softwareudvikling\SB4-KOM-F20\AsteroidGame_ComponentBased\Lektion05\application\target\asteroidsnetbeansmodules\asteroidsnetbeansmodules\update\download\additional_information.xml deleted.
INFO [org.netbeans.core.startup.NbEvents]: Turning on modules:
	dk.sdu.mmmi.cbse.Asteroid [1.0 1.0-20200325 202003252334]
INFO [org.netbeans.modules.autoupdate.silentupdate]: Install new modules done.
Turning on modules...
Loading module services...
Loading modules...
Turning on modules...done.
INFO [org.netbeans.modules.autoupdate.silentupdate]: None for update/install/uninstall
INFO [null]: Last record repeated 2 more times.
INFO [null]: Last record repeated again.
INFO [null]: Last record repeated again.
